   1              		.syntax unified
   2              		.cpu cortex-m4
   3              		.eabi_attribute 27, 3
   4              		.fpu fpv4-sp-d16
   5              		.eabi_attribute 20, 1
   6              		.eabi_attribute 21, 1
   7              		.eabi_attribute 23, 3
   8              		.eabi_attribute 24, 1
   9              		.eabi_attribute 25, 1
  10              		.eabi_attribute 26, 1
  11              		.eabi_attribute 30, 6
  12              		.eabi_attribute 34, 1
  13              		.eabi_attribute 18, 4
  14              		.thumb
  15              		.file	"MULTIPLEXER.c"
  16              		.text
  17              	.Ltext0:
  18              		.cfi_sections	.debug_frame
  19              		.section	.text.DAVE_MUX_Init,"ax",%progbits
  20              		.align	2
  21              		.global	DAVE_MUX_Init
  22              		.thumb
  23              		.thumb_func
  25              	DAVE_MUX_Init:
  26              	.LFB112:
  27              		.file 1 "../Dave/Generated/src/DAVESupport/MULTIPLEXER.c"
   1:../Dave/Generated/src/DAVESupport/MULTIPLEXER.c **** /*******************************************************************************
   2:../Dave/Generated/src/DAVESupport/MULTIPLEXER.c **** **  DAVE App Name : DAVESupport       App Version: 1.0.44               
   3:../Dave/Generated/src/DAVESupport/MULTIPLEXER.c **** **  This file is generated by DAVE, User modification to this file will be    **
   4:../Dave/Generated/src/DAVESupport/MULTIPLEXER.c **** **  overwritten at the next code generation.                                  **
   5:../Dave/Generated/src/DAVESupport/MULTIPLEXER.c **** *******************************************************************************/
   6:../Dave/Generated/src/DAVESupport/MULTIPLEXER.c **** 
   7:../Dave/Generated/src/DAVESupport/MULTIPLEXER.c **** 
   8:../Dave/Generated/src/DAVESupport/MULTIPLEXER.c **** /*******************************************************************************
   9:../Dave/Generated/src/DAVESupport/MULTIPLEXER.c ****  Copyright (c) 2014, Infineon Technologies AG                                 **
  10:../Dave/Generated/src/DAVESupport/MULTIPLEXER.c ****  All rights reserved.                                                         **
  11:../Dave/Generated/src/DAVESupport/MULTIPLEXER.c ****                                                                               **
  12:../Dave/Generated/src/DAVESupport/MULTIPLEXER.c ****  Redistribution and use in source and binary forms, with or without           **
  13:../Dave/Generated/src/DAVESupport/MULTIPLEXER.c ****  modification,are permitted provided that the following conditions are met:   **
  14:../Dave/Generated/src/DAVESupport/MULTIPLEXER.c ****                                                                               **
  15:../Dave/Generated/src/DAVESupport/MULTIPLEXER.c ****  *Redistributions of source code must retain the above copyright notice,      **
  16:../Dave/Generated/src/DAVESupport/MULTIPLEXER.c ****  this list of conditions and the following disclaimer.                        **
  17:../Dave/Generated/src/DAVESupport/MULTIPLEXER.c ****  *Redistributions in binary form must reproduce the above copyright notice,   **
  18:../Dave/Generated/src/DAVESupport/MULTIPLEXER.c ****  this list of conditions and the following disclaimer in the documentation    **
  19:../Dave/Generated/src/DAVESupport/MULTIPLEXER.c ****  and/or other materials provided with the distribution.                       **
  20:../Dave/Generated/src/DAVESupport/MULTIPLEXER.c ****  *Neither the name of the copyright holders nor the names of its contributors **
  21:../Dave/Generated/src/DAVESupport/MULTIPLEXER.c ****  may be used to endorse or promote products derived from this software without**
  22:../Dave/Generated/src/DAVESupport/MULTIPLEXER.c ****  specific prior written permission.                                           **
  23:../Dave/Generated/src/DAVESupport/MULTIPLEXER.c ****                                                                               **
  24:../Dave/Generated/src/DAVESupport/MULTIPLEXER.c ****  THIS SOFTWARE IS PROVIDED BY THE COPYRIGHT HOLDERS AND CONTRIBUTORS "AS IS"  **
  25:../Dave/Generated/src/DAVESupport/MULTIPLEXER.c ****  AND ANY EXPRESS OR IMPLIED WARRANTIES, INCLUDING, BUT NOT LIMITED TO, THE    **
  26:../Dave/Generated/src/DAVESupport/MULTIPLEXER.c ****  IMPLIED WARRANTIES OF MERCHANTABILITY AND FITNESS FOR A PARTICULAR PURPOSE   **
  27:../Dave/Generated/src/DAVESupport/MULTIPLEXER.c ****  ARE  DISCLAIMED. IN NO EVENT SHALL THE COPYRIGHT HOLDER OR CONTRIBUTORS BE   **
  28:../Dave/Generated/src/DAVESupport/MULTIPLEXER.c ****  LIABLE  FOR ANY DIRECT, INDIRECT, INCIDENTAL, SPECIAL, EXEMPLARY, OR         **
  29:../Dave/Generated/src/DAVESupport/MULTIPLEXER.c ****  CONSEQUENTIAL DAMAGES (INCLUDING, BUT NOT LIMITED TO, PROCUREMENT OF         **
  30:../Dave/Generated/src/DAVESupport/MULTIPLEXER.c ****  SUBSTITUTE GOODS OR  SERVICES; LOSS OF USE, DATA, OR PROFITS; OR BUSINESS    **
  31:../Dave/Generated/src/DAVESupport/MULTIPLEXER.c ****  INTERRUPTION) HOWEVER CAUSED AND ON ANY THEORY OF LIABILITY, WHETHER IN      **
  32:../Dave/Generated/src/DAVESupport/MULTIPLEXER.c ****  CONTRACT, STRICT LIABILITY,OR TORT (INCLUDING NEGLIGENCE OR OTHERWISE)       **
  33:../Dave/Generated/src/DAVESupport/MULTIPLEXER.c ****  ARISING IN ANY WAY OUT OF THE USE OF THIS SOFTWARE, EVEN IF ADVISED OF THE   **
  34:../Dave/Generated/src/DAVESupport/MULTIPLEXER.c ****  POSSIBILITY OF SUCH DAMAGE.                                                  **
  35:../Dave/Generated/src/DAVESupport/MULTIPLEXER.c ****                                                                               **
  36:../Dave/Generated/src/DAVESupport/MULTIPLEXER.c ****  To improve the quality of the software, users are encouraged to share        **
  37:../Dave/Generated/src/DAVESupport/MULTIPLEXER.c ****  modifications, enhancements or bug fixes with Infineon Technologies AG       **
  38:../Dave/Generated/src/DAVESupport/MULTIPLEXER.c ****  dave@infineon.com).                                                          **
  39:../Dave/Generated/src/DAVESupport/MULTIPLEXER.c ****                                                                               **
  40:../Dave/Generated/src/DAVESupport/MULTIPLEXER.c **** ********************************************************************************
  41:../Dave/Generated/src/DAVESupport/MULTIPLEXER.c **** **                                                                            **
  42:../Dave/Generated/src/DAVESupport/MULTIPLEXER.c **** **                                                                            **
  43:../Dave/Generated/src/DAVESupport/MULTIPLEXER.c **** ** PLATFORM : Infineon <Microcontroller name, step>                           **
  44:../Dave/Generated/src/DAVESupport/MULTIPLEXER.c **** **                                                                            **
  45:../Dave/Generated/src/DAVESupport/MULTIPLEXER.c **** ** COMPILER : Compiler Independent                                            **
  46:../Dave/Generated/src/DAVESupport/MULTIPLEXER.c **** **                                                                            **
  47:../Dave/Generated/src/DAVESupport/MULTIPLEXER.c **** ** MODIFICATION DATE : April 23, 2014                                     **
  48:../Dave/Generated/src/DAVESupport/MULTIPLEXER.c **** **                                                                            **
  49:../Dave/Generated/src/DAVESupport/MULTIPLEXER.c **** *******************************************************************************/
  50:../Dave/Generated/src/DAVESupport/MULTIPLEXER.c **** /**
  51:../Dave/Generated/src/DAVESupport/MULTIPLEXER.c ****  * @file  MULTIPLEXER.c
  52:../Dave/Generated/src/DAVESupport/MULTIPLEXER.c ****  *
  53:../Dave/Generated/src/DAVESupport/MULTIPLEXER.c ****  * @brief This file contains implementation of DAVE Support function which 
  54:../Dave/Generated/src/DAVESupport/MULTIPLEXER.c ****  * uses to configure multiplexer register values.
  55:../Dave/Generated/src/DAVESupport/MULTIPLEXER.c ****  * 24 July 2013 v1.0.34 Initial Version
  56:../Dave/Generated/src/DAVESupport/MULTIPLEXER.c ****  * 06 sep 2013 v1.0.36  UART001 : Mux : One instruction for output pins 
  57:../Dave/Generated/src/DAVESupport/MULTIPLEXER.c ****  *                      initialisation.
  58:../Dave/Generated/src/DAVESupport/MULTIPLEXER.c ****  *                      CAN001 & CAN002 : Avoid twice reset of the INIT bit in 
  59:../Dave/Generated/src/DAVESupport/MULTIPLEXER.c ****  *                      Can001_lNodeInit & DAVE_MUX_Init.
  60:../Dave/Generated/src/DAVESupport/MULTIPLEXER.c ****  *                      WR_REGHIB Macro definition has been changed.
  61:../Dave/Generated/src/DAVESupport/MULTIPLEXER.c ****  * 23 April 2014 v1.0.44 HRPWM MUX configuration supported.                      
  62:../Dave/Generated/src/DAVESupport/MULTIPLEXER.c ****  *                      
  63:../Dave/Generated/src/DAVESupport/MULTIPLEXER.c ****  */
  64:../Dave/Generated/src/DAVESupport/MULTIPLEXER.c **** 
  65:../Dave/Generated/src/DAVESupport/MULTIPLEXER.c **** /*******************************************************************************
  66:../Dave/Generated/src/DAVESupport/MULTIPLEXER.c **** **                      Include Files                                         **
  67:../Dave/Generated/src/DAVESupport/MULTIPLEXER.c **** *******************************************************************************/
  68:../Dave/Generated/src/DAVESupport/MULTIPLEXER.c **** #include "../../inc/DAVESupport/DAVE3.h"
  69:../Dave/Generated/src/DAVESupport/MULTIPLEXER.c **** 
  70:../Dave/Generated/src/DAVESupport/MULTIPLEXER.c **** /*******************************************************************************
  71:../Dave/Generated/src/DAVESupport/MULTIPLEXER.c **** **                 Function declarations                                     **
  72:../Dave/Generated/src/DAVESupport/MULTIPLEXER.c **** *******************************************************************************/
  73:../Dave/Generated/src/DAVESupport/MULTIPLEXER.c **** /*******************************************************************************
  74:../Dave/Generated/src/DAVESupport/MULTIPLEXER.c **** ** Syntax           : void DAVE_MUX_Init(void)                                **
  75:../Dave/Generated/src/DAVESupport/MULTIPLEXER.c **** **                                                                            **
  76:../Dave/Generated/src/DAVESupport/MULTIPLEXER.c **** ** Reentrancy       : None                                                    **
  77:../Dave/Generated/src/DAVESupport/MULTIPLEXER.c **** **                                                                            **
  78:../Dave/Generated/src/DAVESupport/MULTIPLEXER.c **** ** Parameters (in)  : void                                                    **
  79:../Dave/Generated/src/DAVESupport/MULTIPLEXER.c **** **                                                                            **
  80:../Dave/Generated/src/DAVESupport/MULTIPLEXER.c **** ** Parameters (out) : none                                                    **
  81:../Dave/Generated/src/DAVESupport/MULTIPLEXER.c **** **                                                                            **
  82:../Dave/Generated/src/DAVESupport/MULTIPLEXER.c **** ** Return value     : none                                                    **
  83:../Dave/Generated/src/DAVESupport/MULTIPLEXER.c **** **                                                                            **
  84:../Dave/Generated/src/DAVESupport/MULTIPLEXER.c **** ** Description      : This is the Mux configuration                           **
  85:../Dave/Generated/src/DAVESupport/MULTIPLEXER.c **** **                                                                            **
  86:../Dave/Generated/src/DAVESupport/MULTIPLEXER.c **** *******************************************************************************/
  87:../Dave/Generated/src/DAVESupport/MULTIPLEXER.c ****            
  88:../Dave/Generated/src/DAVESupport/MULTIPLEXER.c **** void DAVE_MUX_Init(void)
  89:../Dave/Generated/src/DAVESupport/MULTIPLEXER.c **** {  
  28              		.loc 1 89 0
  29              		.cfi_startproc
  30              		@ args = 0, pretend = 0, frame = 24
  31              		@ frame_needed = 1, uses_anonymous_args = 0
  32              		@ link register save eliminated.
  33 0000 80B4     		push	{r7}
  34              	.LCFI0:
  35              		.cfi_def_cfa_offset 4
  36              		.cfi_offset 7, -4
  37 0002 87B0     		sub	sp, sp, #28
  38              	.LCFI1:
  39              		.cfi_def_cfa_offset 32
  40 0004 00AF     		add	r7, sp, #0
  41              	.LCFI2:
  42              		.cfi_def_cfa_register 7
  90:../Dave/Generated/src/DAVESupport/MULTIPLEXER.c ****    	 
  91:../Dave/Generated/src/DAVESupport/MULTIPLEXER.c ****             	         
  92:../Dave/Generated/src/DAVESupport/MULTIPLEXER.c ****                                      
  93:../Dave/Generated/src/DAVESupport/MULTIPLEXER.c ****        /*        SCU Macro definitions     */                        
  94:../Dave/Generated/src/DAVESupport/MULTIPLEXER.c ****    	 
  95:../Dave/Generated/src/DAVESupport/MULTIPLEXER.c ****       
  96:../Dave/Generated/src/DAVESupport/MULTIPLEXER.c **** //********* MODULE USIC CONFIGURATIONS *************************	        
  97:../Dave/Generated/src/DAVESupport/MULTIPLEXER.c ****         
  98:../Dave/Generated/src/DAVESupport/MULTIPLEXER.c ****            
  99:../Dave/Generated/src/DAVESupport/MULTIPLEXER.c ****    /* Disable mode before configuring all USIC registers to avoid unintended edges */   
 100:../Dave/Generated/src/DAVESupport/MULTIPLEXER.c ****       /* Variable to store the CCR_MODE values for various USIC channels */ 
 101:../Dave/Generated/src/DAVESupport/MULTIPLEXER.c ****       uint32_t UsicCcrMode[6] = {0};
  43              		.loc 1 101 0
  44 0006 3B46     		mov	r3, r7
  45 0008 4FF00002 		mov	r2, #0
  46 000c 1A60     		str	r2, [r3, #0]
  47 000e 03F10403 		add	r3, r3, #4
  48 0012 4FF00002 		mov	r2, #0
  49 0016 1A60     		str	r2, [r3, #0]
  50 0018 03F10403 		add	r3, r3, #4
  51 001c 4FF00002 		mov	r2, #0
  52 0020 1A60     		str	r2, [r3, #0]
  53 0022 03F10403 		add	r3, r3, #4
  54 0026 4FF00002 		mov	r2, #0
  55 002a 1A60     		str	r2, [r3, #0]
  56 002c 03F10403 		add	r3, r3, #4
  57 0030 4FF00002 		mov	r2, #0
  58 0034 1A60     		str	r2, [r3, #0]
  59 0036 03F10403 		add	r3, r3, #4
  60 003a 4FF00002 		mov	r2, #0
  61 003e 1A60     		str	r2, [r3, #0]
  62 0040 03F10403 		add	r3, r3, #4
 102:../Dave/Generated/src/DAVESupport/MULTIPLEXER.c ****            
 103:../Dave/Generated/src/DAVESupport/MULTIPLEXER.c ****     UsicCcrMode[0] |= (uint32_t) RD_REG(USIC0_CH0->CCR, USIC_CH_CCR_MODE_Msk, USIC_CH_CCR_MODE_Pos)
  63              		.loc 1 103 0
  64 0044 3A68     		ldr	r2, [r7, #0]
  65 0046 4FF00003 		mov	r3, #0
  66 004a C4F20303 		movt	r3, 16387
  67 004e 1B6C     		ldr	r3, [r3, #64]
  68 0050 03F00F03 		and	r3, r3, #15
  69 0054 1343     		orrs	r3, r3, r2
  70 0056 3B60     		str	r3, [r7, #0]
 104:../Dave/Generated/src/DAVESupport/MULTIPLEXER.c ****     WR_REG(USIC0_CH0->CCR, USIC_CH_CCR_MODE_Msk, USIC_CH_CCR_MODE_Pos,0);  
  71              		.loc 1 104 0
  72 0058 4FF00003 		mov	r3, #0
  73 005c C4F20303 		movt	r3, 16387
  74 0060 4FF00002 		mov	r2, #0
  75 0064 C4F20302 		movt	r2, 16387
  76 0068 126C     		ldr	r2, [r2, #64]
  77 006a 22F00F02 		bic	r2, r2, #15
  78 006e 1A64     		str	r2, [r3, #64]
 105:../Dave/Generated/src/DAVESupport/MULTIPLEXER.c ****                          
 106:../Dave/Generated/src/DAVESupport/MULTIPLEXER.c ****     UsicCcrMode[2] |= (uint32_t) RD_REG(USIC1_CH0->CCR, USIC_CH_CCR_MODE_Msk, USIC_CH_CCR_MODE_Pos)
  79              		.loc 1 106 0
  80 0070 BA68     		ldr	r2, [r7, #8]
  81 0072 4FF00003 		mov	r3, #0
  82 0076 C4F60203 		movt	r3, 18434
  83 007a 1B6C     		ldr	r3, [r3, #64]
  84 007c 03F00F03 		and	r3, r3, #15
  85 0080 1343     		orrs	r3, r3, r2
  86 0082 BB60     		str	r3, [r7, #8]
 107:../Dave/Generated/src/DAVESupport/MULTIPLEXER.c ****     WR_REG(USIC1_CH0->CCR, USIC_CH_CCR_MODE_Msk, USIC_CH_CCR_MODE_Pos,0);
  87              		.loc 1 107 0
  88 0084 4FF00003 		mov	r3, #0
  89 0088 C4F60203 		movt	r3, 18434
  90 008c 4FF00002 		mov	r2, #0
  91 0090 C4F60202 		movt	r2, 18434
  92 0094 126C     		ldr	r2, [r2, #64]
  93 0096 22F00F02 		bic	r2, r2, #15
  94 009a 1A64     		str	r2, [r3, #64]
 108:../Dave/Generated/src/DAVESupport/MULTIPLEXER.c ****                     
 109:../Dave/Generated/src/DAVESupport/MULTIPLEXER.c ****     UsicCcrMode[4] |= (uint32_t) RD_REG(USIC2_CH0->CCR, USIC_CH_CCR_MODE_Msk, USIC_CH_CCR_MODE_Pos)
  95              		.loc 1 109 0
  96 009c 3A69     		ldr	r2, [r7, #16]
  97 009e 4FF48043 		mov	r3, #16384
  98 00a2 C4F60203 		movt	r3, 18434
  99 00a6 1B6C     		ldr	r3, [r3, #64]
 100 00a8 03F00F03 		and	r3, r3, #15
 101 00ac 1343     		orrs	r3, r3, r2
 102 00ae 3B61     		str	r3, [r7, #16]
 110:../Dave/Generated/src/DAVESupport/MULTIPLEXER.c ****     WR_REG(USIC2_CH0->CCR, USIC_CH_CCR_MODE_Msk, USIC_CH_CCR_MODE_Pos,0);
 103              		.loc 1 110 0
 104 00b0 4FF48043 		mov	r3, #16384
 105 00b4 C4F60203 		movt	r3, 18434
 106 00b8 4FF48042 		mov	r2, #16384
 107 00bc C4F60202 		movt	r2, 18434
 108 00c0 126C     		ldr	r2, [r2, #64]
 109 00c2 22F00F02 		bic	r2, r2, #15
 110 00c6 1A64     		str	r2, [r3, #64]
 111:../Dave/Generated/src/DAVESupport/MULTIPLEXER.c ****       
 112:../Dave/Generated/src/DAVESupport/MULTIPLEXER.c ****       
 113:../Dave/Generated/src/DAVESupport/MULTIPLEXER.c ****     						
 114:../Dave/Generated/src/DAVESupport/MULTIPLEXER.c ****    /*USIC 0 Channel 0 Mux Related SFR/Bitfields Configurations*/ 									                  
 115:../Dave/Generated/src/DAVESupport/MULTIPLEXER.c ****  WR_REG(USIC0_CH0->DX1CR, USIC_CH_DX1CR_DSEL_Msk, USIC_CH_DX1CR_DSEL_Pos,1);  
 111              		.loc 1 115 0
 112 00c8 4FF00003 		mov	r3, #0
 113 00cc C4F20303 		movt	r3, 16387
 114 00d0 4FF00002 		mov	r2, #0
 115 00d4 C4F20302 		movt	r2, 16387
 116 00d8 126A     		ldr	r2, [r2, #32]
 117 00da 22F00702 		bic	r2, r2, #7
 118 00de 42F00102 		orr	r2, r2, #1
 119 00e2 1A62     		str	r2, [r3, #32]
 116:../Dave/Generated/src/DAVESupport/MULTIPLEXER.c ****   					 				 				 		       				              				  					    					 					   				  					 				 				    
 117:../Dave/Generated/src/DAVESupport/MULTIPLEXER.c ****                  
 118:../Dave/Generated/src/DAVESupport/MULTIPLEXER.c ****    // Data Pointer & Buffer Size for Transmitter Buffer Control  
 119:../Dave/Generated/src/DAVESupport/MULTIPLEXER.c ****  WR_REG(USIC0_CH0->TBCTR, USIC_CH_TBCTR_DPTRSIZE_Msk, USIC_CH_TBCTR_DPTRSIZE_Pos,0x01000010);		/*  
 120              		.loc 1 119 0
 121 00e4 4FF00003 		mov	r3, #0
 122 00e8 C4F20303 		movt	r3, 16387
 123 00ec 4FF00002 		mov	r2, #0
 124 00f0 C4F20302 		movt	r2, 16387
 125 00f4 D2F80821 		ldr	r2, [r2, #264]
 126 00f8 22F0E062 		bic	r2, r2, #117440512
 127 00fc 22F03F02 		bic	r2, r2, #63
 128 0100 42F08072 		orr	r2, r2, #16777216
 129 0104 42F01002 		orr	r2, r2, #16
 130 0108 C3F80821 		str	r2, [r3, #264]
 120:../Dave/Generated/src/DAVESupport/MULTIPLEXER.c ****          
 121:../Dave/Generated/src/DAVESupport/MULTIPLEXER.c ****   // Data Pointer & Buffer Size for Receiver Buffer Control  
 122:../Dave/Generated/src/DAVESupport/MULTIPLEXER.c ****  WR_REG(USIC0_CH0->RBCTR, USIC_CH_RBCTR_DPTRSIZE_Msk, USIC_CH_RBCTR_DPTRSIZE_Pos,0x04000000);		/*  
 131              		.loc 1 122 0
 132 010c 4FF00003 		mov	r3, #0
 133 0110 C4F20303 		movt	r3, 16387
 134 0114 4FF00002 		mov	r2, #0
 135 0118 C4F20302 		movt	r2, 16387
 136 011c D2F80C21 		ldr	r2, [r2, #268]
 137 0120 22F0E062 		bic	r2, r2, #117440512
 138 0124 22F03F02 		bic	r2, r2, #63
 139 0128 42F08062 		orr	r2, r2, #67108864
 140 012c C3F80C21 		str	r2, [r3, #268]
 123:../Dave/Generated/src/DAVESupport/MULTIPLEXER.c ****  						
 124:../Dave/Generated/src/DAVESupport/MULTIPLEXER.c ****    /*USIC 0 Channel 1 Mux Related SFR/Bitfields Configurations*/ 									  					 				 				 		     
 125:../Dave/Generated/src/DAVESupport/MULTIPLEXER.c ****          						
 126:../Dave/Generated/src/DAVESupport/MULTIPLEXER.c ****    /*USIC 1 Channel 0 Mux Related SFR/Bitfields Configurations*/ 									  					 				 				 		     
 127:../Dave/Generated/src/DAVESupport/MULTIPLEXER.c ****             
 128:../Dave/Generated/src/DAVESupport/MULTIPLEXER.c ****   // Data Pointer & Buffer Size for Receiver Buffer Control  
 129:../Dave/Generated/src/DAVESupport/MULTIPLEXER.c ****  WR_REG(USIC1_CH0->RBCTR, USIC_CH_RBCTR_DPTRSIZE_Msk, USIC_CH_RBCTR_DPTRSIZE_Pos,0x05000000);		/*  
 141              		.loc 1 129 0
 142 0130 4FF00003 		mov	r3, #0
 143 0134 C4F60203 		movt	r3, 18434
 144 0138 4FF00002 		mov	r2, #0
 145 013c C4F60202 		movt	r2, 18434
 146 0140 D2F80C21 		ldr	r2, [r2, #268]
 147 0144 22F0E062 		bic	r2, r2, #117440512
 148 0148 22F03F02 		bic	r2, r2, #63
 149 014c 42F0A062 		orr	r2, r2, #83886080
 150 0150 C3F80C21 		str	r2, [r3, #268]
 130:../Dave/Generated/src/DAVESupport/MULTIPLEXER.c ****  						
 131:../Dave/Generated/src/DAVESupport/MULTIPLEXER.c ****    /*USIC 1 Channel 1 Mux Related SFR/Bitfields Configurations*/ 									  					 				 				 		     
 132:../Dave/Generated/src/DAVESupport/MULTIPLEXER.c ****          						
 133:../Dave/Generated/src/DAVESupport/MULTIPLEXER.c ****    /*USIC 2 Channel 0 Mux Related SFR/Bitfields Configurations*/ 						         
 134:../Dave/Generated/src/DAVESupport/MULTIPLEXER.c ****  WR_REG(USIC2_CH0->DX0CR, USIC_CH_DX0CR_DSEL_Msk, USIC_CH_DX0CR_DSEL_Pos,1); 
 151              		.loc 1 134 0
 152 0154 4FF48043 		mov	r3, #16384
 153 0158 C4F60203 		movt	r3, 18434
 154 015c 4FF48042 		mov	r2, #16384
 155 0160 C4F60202 		movt	r2, 18434
 156 0164 D269     		ldr	r2, [r2, #28]
 157 0166 22F00702 		bic	r2, r2, #7
 158 016a 42F00102 		orr	r2, r2, #1
 159 016e DA61     		str	r2, [r3, #28]
 135:../Dave/Generated/src/DAVESupport/MULTIPLEXER.c ****   			  					 				 				 		       				              				  					    					 					   				  					 				 			
 136:../Dave/Generated/src/DAVESupport/MULTIPLEXER.c ****                  
 137:../Dave/Generated/src/DAVESupport/MULTIPLEXER.c ****    // Data Pointer & Buffer Size for Transmitter Buffer Control  
 138:../Dave/Generated/src/DAVESupport/MULTIPLEXER.c ****  WR_REG(USIC2_CH0->TBCTR, USIC_CH_TBCTR_DPTRSIZE_Msk, USIC_CH_TBCTR_DPTRSIZE_Pos,0x02000004);		/*  
 160              		.loc 1 138 0
 161 0170 4FF48043 		mov	r3, #16384
 162 0174 C4F60203 		movt	r3, 18434
 163 0178 4FF48042 		mov	r2, #16384
 164 017c C4F60202 		movt	r2, 18434
 165 0180 D2F80821 		ldr	r2, [r2, #264]
 166 0184 22F0E062 		bic	r2, r2, #117440512
 167 0188 22F03F02 		bic	r2, r2, #63
 168 018c 42F00072 		orr	r2, r2, #33554432
 169 0190 42F00402 		orr	r2, r2, #4
 170 0194 C3F80821 		str	r2, [r3, #264]
 139:../Dave/Generated/src/DAVESupport/MULTIPLEXER.c ****          
 140:../Dave/Generated/src/DAVESupport/MULTIPLEXER.c ****   // Data Pointer & Buffer Size for Receiver Buffer Control  
 141:../Dave/Generated/src/DAVESupport/MULTIPLEXER.c ****  WR_REG(USIC2_CH0->RBCTR, USIC_CH_RBCTR_DPTRSIZE_Msk, USIC_CH_RBCTR_DPTRSIZE_Pos,0x02000000);		/*  
 171              		.loc 1 141 0
 172 0198 4FF48043 		mov	r3, #16384
 173 019c C4F60203 		movt	r3, 18434
 174 01a0 4FF48042 		mov	r2, #16384
 175 01a4 C4F60202 		movt	r2, 18434
 176 01a8 D2F80C21 		ldr	r2, [r2, #268]
 177 01ac 22F0E062 		bic	r2, r2, #117440512
 178 01b0 22F03F02 		bic	r2, r2, #63
 179 01b4 42F00072 		orr	r2, r2, #33554432
 180 01b8 C3F80C21 		str	r2, [r3, #268]
 142:../Dave/Generated/src/DAVESupport/MULTIPLEXER.c ****  						
 143:../Dave/Generated/src/DAVESupport/MULTIPLEXER.c ****    /*USIC 2 Channel 1 Mux Related SFR/Bitfields Configurations*/ 									  					 				 				 		     
 144:../Dave/Generated/src/DAVESupport/MULTIPLEXER.c ****          
 145:../Dave/Generated/src/DAVESupport/MULTIPLEXER.c ****   
 146:../Dave/Generated/src/DAVESupport/MULTIPLEXER.c ****   /* Enable mode after configuring all USIC registers to avoid unintended edges */  
 147:../Dave/Generated/src/DAVESupport/MULTIPLEXER.c ****             
 148:../Dave/Generated/src/DAVESupport/MULTIPLEXER.c ****    WR_REG(USIC0_CH0->CCR, USIC_CH_CCR_MODE_Msk, USIC_CH_CCR_MODE_Pos,UsicCcrMode[0]); 
 181              		.loc 1 148 0
 182 01bc 4FF00003 		mov	r3, #0
 183 01c0 C4F20303 		movt	r3, 16387
 184 01c4 3A68     		ldr	r2, [r7, #0]
 185 01c6 02F00F01 		and	r1, r2, #15
 186 01ca 4FF00002 		mov	r2, #0
 187 01ce C4F20302 		movt	r2, 16387
 188 01d2 126C     		ldr	r2, [r2, #64]
 189 01d4 22F00F02 		bic	r2, r2, #15
 190 01d8 0A43     		orrs	r2, r2, r1
 191 01da 1A64     		str	r2, [r3, #64]
 149:../Dave/Generated/src/DAVESupport/MULTIPLEXER.c ****           
 150:../Dave/Generated/src/DAVESupport/MULTIPLEXER.c ****    WR_REG(USIC1_CH0->CCR, USIC_CH_CCR_MODE_Msk, USIC_CH_CCR_MODE_Pos,UsicCcrMode[2]);
 192              		.loc 1 150 0
 193 01dc 4FF00003 		mov	r3, #0
 194 01e0 C4F60203 		movt	r3, 18434
 195 01e4 BA68     		ldr	r2, [r7, #8]
 196 01e6 02F00F01 		and	r1, r2, #15
 197 01ea 4FF00002 		mov	r2, #0
 198 01ee C4F60202 		movt	r2, 18434
 199 01f2 126C     		ldr	r2, [r2, #64]
 200 01f4 22F00F02 		bic	r2, r2, #15
 201 01f8 0A43     		orrs	r2, r2, r1
 202 01fa 1A64     		str	r2, [r3, #64]
 151:../Dave/Generated/src/DAVESupport/MULTIPLEXER.c ****                  
 152:../Dave/Generated/src/DAVESupport/MULTIPLEXER.c ****    WR_REG(USIC2_CH0->CCR, USIC_CH_CCR_MODE_Msk, USIC_CH_CCR_MODE_Pos,UsicCcrMode[4]);
 203              		.loc 1 152 0
 204 01fc 4FF48043 		mov	r3, #16384
 205 0200 C4F60203 		movt	r3, 18434
 206 0204 3A69     		ldr	r2, [r7, #16]
 207 0206 02F00F01 		and	r1, r2, #15
 208 020a 4FF48042 		mov	r2, #16384
 209 020e C4F60202 		movt	r2, 18434
 210 0212 126C     		ldr	r2, [r2, #64]
 211 0214 22F00F02 		bic	r2, r2, #15
 212 0218 0A43     		orrs	r2, r2, r1
 213 021a 1A64     		str	r2, [r3, #64]
 153:../Dave/Generated/src/DAVESupport/MULTIPLEXER.c ****             	         
 154:../Dave/Generated/src/DAVESupport/MULTIPLEXER.c ****                                               
 155:../Dave/Generated/src/DAVESupport/MULTIPLEXER.c ****    	 
 156:../Dave/Generated/src/DAVESupport/MULTIPLEXER.c ****             	         
 157:../Dave/Generated/src/DAVESupport/MULTIPLEXER.c ****                                               
 158:../Dave/Generated/src/DAVESupport/MULTIPLEXER.c ****    	 
 159:../Dave/Generated/src/DAVESupport/MULTIPLEXER.c ****             	         
 160:../Dave/Generated/src/DAVESupport/MULTIPLEXER.c ****                                           
 161:../Dave/Generated/src/DAVESupport/MULTIPLEXER.c **** 
 162:../Dave/Generated/src/DAVESupport/MULTIPLEXER.c **** /*        PORT Macro definitions for IOCR_OE, IOCR_PCR & HWSEL_HW     */                           
 163:../Dave/Generated/src/DAVESupport/MULTIPLEXER.c ****   WR_REG(PORT0->IOCR4, 0xb800U, PORT_IOCR_PC1_PCR_Pos, 0x12U);                /*P0.5 : PORT0_IOCR4_
 214              		.loc 1 163 0
 215 021c 4FF40043 		mov	r3, #32768
 216 0220 C4F60203 		movt	r3, 18434
 217 0224 4FF40042 		mov	r2, #32768
 218 0228 C4F60202 		movt	r2, 18434
 219 022c 5269     		ldr	r2, [r2, #20]
 220 022e 22F43842 		bic	r2, r2, #47104
 221 0232 42F41042 		orr	r2, r2, #36864
 222 0236 5A61     		str	r2, [r3, #20]
 164:../Dave/Generated/src/DAVESupport/MULTIPLEXER.c **** 					   
 165:../Dave/Generated/src/DAVESupport/MULTIPLEXER.c ****               
 166:../Dave/Generated/src/DAVESupport/MULTIPLEXER.c ****   WR_REG(PORT0->HWSEL, PORT0_HWSEL_HW8_Msk, PORT0_HWSEL_HW8_Pos, PORT_HWSEL_SW);                   
 223              		.loc 1 166 0
 224 0238 4FF40043 		mov	r3, #32768
 225 023c C4F60203 		movt	r3, 18434
 226 0240 4FF40042 		mov	r2, #32768
 227 0244 C4F60202 		movt	r2, 18434
 228 0248 526F     		ldr	r2, [r2, #116]
 229 024a 22F44032 		bic	r2, r2, #196608
 230 024e 5A67     		str	r2, [r3, #116]
 167:../Dave/Generated/src/DAVESupport/MULTIPLEXER.c ****   WR_REG(PORT0->IOCR8, 0xb8U, PORT_IOCR_PC0_PCR_Pos, 0x12U);                /*P0.8 : PORT0_IOCR8_PC
 231              		.loc 1 167 0
 232 0250 4FF40043 		mov	r3, #32768
 233 0254 C4F60203 		movt	r3, 18434
 234 0258 4FF40042 		mov	r2, #32768
 235 025c C4F60202 		movt	r2, 18434
 236 0260 9269     		ldr	r2, [r2, #24]
 237 0262 22F0B802 		bic	r2, r2, #184
 238 0266 42F09002 		orr	r2, r2, #144
 239 026a 9A61     		str	r2, [r3, #24]
 168:../Dave/Generated/src/DAVESupport/MULTIPLEXER.c **** 					                         
 169:../Dave/Generated/src/DAVESupport/MULTIPLEXER.c ****   WR_REG(PORT1->IOCR0, PORT_IOCR_PC0_OE_Msk, PORT_IOCR_PC0_OE_Pos, PORT_IOCR_OE1);                /
 240              		.loc 1 169 0
 241 026c 4FF40143 		mov	r3, #33024
 242 0270 C4F60203 		movt	r3, 18434
 243 0274 4FF40142 		mov	r2, #33024
 244 0278 C4F60202 		movt	r2, 18434
 245 027c 1269     		ldr	r2, [r2, #16]
 246 027e 42F08002 		orr	r2, r2, #128
 247 0282 1A61     		str	r2, [r3, #16]
 170:../Dave/Generated/src/DAVESupport/MULTIPLEXER.c **** 					                         
 171:../Dave/Generated/src/DAVESupport/MULTIPLEXER.c ****   WR_REG(PORT1->IOCR4, 0xb800U, PORT_IOCR_PC1_PCR_Pos, 0x12U);                /*P1.5 : PORT1_IOCR4_
 248              		.loc 1 171 0
 249 0284 4FF40143 		mov	r3, #33024
 250 0288 C4F60203 		movt	r3, 18434
 251 028c 4FF40142 		mov	r2, #33024
 252 0290 C4F60202 		movt	r2, 18434
 253 0294 5269     		ldr	r2, [r2, #20]
 254 0296 22F43842 		bic	r2, r2, #47104
 255 029a 42F41042 		orr	r2, r2, #36864
 256 029e 5A61     		str	r2, [r3, #20]
 172:../Dave/Generated/src/DAVESupport/MULTIPLEXER.c **** 					                         
 173:../Dave/Generated/src/DAVESupport/MULTIPLEXER.c ****   WR_REG(PORT5->IOCR0, 0xb8U, PORT_IOCR_PC0_PCR_Pos, 0x11U);                /*P5.0 : PORT5_IOCR0_PC
 257              		.loc 1 173 0
 258 02a0 4FF40543 		mov	r3, #34048
 259 02a4 C4F60203 		movt	r3, 18434
 260 02a8 4FF40542 		mov	r2, #34048
 261 02ac C4F60202 		movt	r2, 18434
 262 02b0 1269     		ldr	r2, [r2, #16]
 263 02b2 22F0B802 		bic	r2, r2, #184
 264 02b6 42F08802 		orr	r2, r2, #136
 265 02ba 1A61     		str	r2, [r3, #16]
 174:../Dave/Generated/src/DAVESupport/MULTIPLEXER.c **** 					                         
 175:../Dave/Generated/src/DAVESupport/MULTIPLEXER.c ****   WR_REG(PORT5->IOCR0, 0xb80000U, PORT_IOCR_PC2_PCR_Pos, 0x11U);                /*P5.2 : PORT5_IOCR
 266              		.loc 1 175 0
 267 02bc 4FF40543 		mov	r3, #34048
 268 02c0 C4F60203 		movt	r3, 18434
 269 02c4 4FF40542 		mov	r2, #34048
 270 02c8 C4F60202 		movt	r2, 18434
 271 02cc 1269     		ldr	r2, [r2, #16]
 272 02ce 22F43802 		bic	r2, r2, #12058624
 273 02d2 42F40802 		orr	r2, r2, #8912896
 274 02d6 1A61     		str	r2, [r3, #16]
 176:../Dave/Generated/src/DAVESupport/MULTIPLEXER.c **** 					                         
 177:../Dave/Generated/src/DAVESupport/MULTIPLEXER.c ****   WR_REG(PORT5->IOCR4, PORT_IOCR_PC3_OE_Msk, PORT_IOCR_PC3_OE_Pos, PORT_IOCR_OE1);                /
 275              		.loc 1 177 0
 276 02d8 4FF40543 		mov	r3, #34048
 277 02dc C4F60203 		movt	r3, 18434
 278 02e0 4FF40542 		mov	r2, #34048
 279 02e4 C4F60202 		movt	r2, 18434
 280 02e8 5269     		ldr	r2, [r2, #20]
 281 02ea 42F00042 		orr	r2, r2, #-2147483648
 282 02ee 5A61     		str	r2, [r3, #20]
 178:../Dave/Generated/src/DAVESupport/MULTIPLEXER.c **** 					      
 179:../Dave/Generated/src/DAVESupport/MULTIPLEXER.c **** }
 283              		.loc 1 179 0
 284 02f0 07F11C07 		add	r7, r7, #28
 285 02f4 BD46     		mov	sp, r7
 286 02f6 80BC     		pop	{r7}
 287 02f8 7047     		bx	lr
 288              		.cfi_endproc
 289              	.LFE112:
 291 02fa 00BF     		.section	.text.DAVE_MUX_PreInit,"ax",%progbits
 292              		.align	2
 293              		.global	DAVE_MUX_PreInit
 294              		.thumb
 295              		.thumb_func
 297              	DAVE_MUX_PreInit:
 298              	.LFB113:
 180:../Dave/Generated/src/DAVESupport/MULTIPLEXER.c **** 
 181:../Dave/Generated/src/DAVESupport/MULTIPLEXER.c **** 
 182:../Dave/Generated/src/DAVESupport/MULTIPLEXER.c **** /*******************************************************************************
 183:../Dave/Generated/src/DAVESupport/MULTIPLEXER.c **** ** Syntax           : void DAVE_MUX_PreInit(void)                             **
 184:../Dave/Generated/src/DAVESupport/MULTIPLEXER.c **** **                                                                            **
 185:../Dave/Generated/src/DAVESupport/MULTIPLEXER.c **** ** Reentrancy       : None                                                    **
 186:../Dave/Generated/src/DAVESupport/MULTIPLEXER.c **** **                                                                            **
 187:../Dave/Generated/src/DAVESupport/MULTIPLEXER.c **** ** Parameters (in)  : void                                                    **
 188:../Dave/Generated/src/DAVESupport/MULTIPLEXER.c **** **                                                                            **
 189:../Dave/Generated/src/DAVESupport/MULTIPLEXER.c **** ** Parameters (out) : none                                                    **
 190:../Dave/Generated/src/DAVESupport/MULTIPLEXER.c **** **                                                                            **
 191:../Dave/Generated/src/DAVESupport/MULTIPLEXER.c **** ** Return value     : none                                                    **
 192:../Dave/Generated/src/DAVESupport/MULTIPLEXER.c **** **                                                                            **
 193:../Dave/Generated/src/DAVESupport/MULTIPLEXER.c **** ** Description      : This is the Mux configuration                           **
 194:../Dave/Generated/src/DAVESupport/MULTIPLEXER.c **** **                                                                            **
 195:../Dave/Generated/src/DAVESupport/MULTIPLEXER.c **** *******************************************************************************/
 196:../Dave/Generated/src/DAVESupport/MULTIPLEXER.c ****  
 197:../Dave/Generated/src/DAVESupport/MULTIPLEXER.c **** void DAVE_MUX_PreInit(void)
 198:../Dave/Generated/src/DAVESupport/MULTIPLEXER.c **** {            
 299              		.loc 1 198 0
 300              		.cfi_startproc
 301              		@ args = 0, pretend = 0, frame = 0
 302              		@ frame_needed = 1, uses_anonymous_args = 0
 303              		@ link register save eliminated.
 304 0000 80B4     		push	{r7}
 305              	.LCFI3:
 306              		.cfi_def_cfa_offset 4
 307              		.cfi_offset 7, -4
 308 0002 00AF     		add	r7, sp, #0
 309              	.LCFI4:
 310              		.cfi_def_cfa_register 7
 199:../Dave/Generated/src/DAVESupport/MULTIPLEXER.c **** 
 200:../Dave/Generated/src/DAVESupport/MULTIPLEXER.c **** /*        PORT Macro definitions for IOCR_OE, IOCR_PCR & HWSEL_HW     */                   
 201:../Dave/Generated/src/DAVESupport/MULTIPLEXER.c **** }
 311              		.loc 1 201 0
 312 0004 BD46     		mov	sp, r7
 313 0006 80BC     		pop	{r7}
 314 0008 7047     		bx	lr
 315              		.cfi_endproc
 316              	.LFE113:
 318 000a 00BF     		.text
 319              	.Letext0:
 320              		.file 2 "c:\\dave-3.1.10\\arm-gcc\\bin\\../lib/gcc/arm-none-eabi/4.7.4/../../../../arm-none-eabi/i
 321              		.file 3 "C:\\DAVE-3.1.10\\eclipse\\/../CMSIS/Infineon/XMC4500_series/Include/XMC4500.h"
 322              		.file 4 "C:\\DAVE-3.1.10\\eclipse\\/../CMSIS/Include/core_cm4.h"
DEFINED SYMBOLS
                            *ABS*:00000000 MULTIPLEXER.c
C:\Users\Mateusz\AppData\Local\Temp\ccNKHxIa.s:20     .text.DAVE_MUX_Init:00000000 $t
C:\Users\Mateusz\AppData\Local\Temp\ccNKHxIa.s:25     .text.DAVE_MUX_Init:00000000 DAVE_MUX_Init
C:\Users\Mateusz\AppData\Local\Temp\ccNKHxIa.s:292    .text.DAVE_MUX_PreInit:00000000 $t
C:\Users\Mateusz\AppData\Local\Temp\ccNKHxIa.s:297    .text.DAVE_MUX_PreInit:00000000 DAVE_MUX_PreInit
                     .debug_frame:00000010 $d
                           .group:00000000 wm4.1.35166846b5321d4273ad8c4248893ac3
                           .group:00000000 wm4.XMC4500.h.45.215f4b8c79f46c7645c15373868d08c0
                           .group:00000000 wm4.core_cm4.h.47.41af406cb4cda82c972f112a9cd0a024
                           .group:00000000 wm4.newlib.h.8.a9901dc52d1357e3e94003403d43f8b5
                           .group:00000000 wm4.features.h.22.b72b3baab2bb2eab3661375590100b6b
                           .group:00000000 wm4.config.h.193.5fb8ef056cdff92dec3dee9552839d8c
                           .group:00000000 wm4._ansi.h.23.7aefdac4826acebbfc9f3822a0aeb14c
                           .group:00000000 wm4.stdint.h.20.54ad762faa59e3c05491630641c8d8bf
                           .group:00000000 wm4.core_cmInstr.h.39.3d3d1b4a79aef37532666dc6ee87c6ac
                           .group:00000000 wm4.core_cm4_simd.h.43.b5d1d38735af6366227b4256d330cf13
                           .group:00000000 wm4.core_cm4.h.178.e5ef5ce66d198d7f00f9d0076e267c41
                           .group:00000000 wm4.system_XMC4500.h.29.827f68baa362c84f2abae4ab67dde7c9
                           .group:00000000 wm4.XMC4500.h.198.8e022f279ff353ed081df898dc7b9cf3
                           .group:00000000 wm4.stddef.h.40.50cf36416e06376af8a9dca28536f2e4
                           .group:00000000 wm4.types.h.60.e75c47576398c648cdcf9000ace5e3d8
                           .group:00000000 wm4.MULTIPLEXER.h.46.4a863fbae1c79f0db26da3ce2dc30d02
                           .group:00000000 wm4.CCU8PWMLIB.h.74.725ec81203769525cc7a424597055f47
                           .group:00000000 wm4.MOTORLIB.h.62.951091d95913dd2ff36d761323a1771d
                           .group:00000000 wm4.DBG001.h.116.d6d9e7459a0faa3905c97c1d2edb339d
                           .group:00000000 wm4.IO004.h.53.442ea5eb47ad9eedc675253aa35f3107
                           .group:00000000 wm4.uc_id.h.35.fa57ecd9f559d2767f56c96da2848c12
                           .group:00000000 wm4.CLK001_Const.h.50.e5e9c2ddc89f4cc9e7b93e9648fa94e4
                           .group:00000000 wm4.CLK001_Conf.h.81.82a8db895dc146da001475dd68223522
                           .group:00000000 wm4.Usic.h.54.8af9f733ba5771eeb374435d205ea54b
                           .group:00000000 wm4.UART001_Conf.h.53.ea28968cb6c53b1be9f53a4d9f42a86f
                           .group:00000000 wm4.SYSTM001.h.64.6ecb31c49bc3e7691644fdcdfc11b5cd
                           .group:00000000 wm4.I2C001.h.97.5277d52889d6c741e048ea45ee1277b5
                           .group:00000000 wm4.I2C001_Conf.h.58.e3e909c2ec9c29fee288b93938e533a2

NO UNDEFINED SYMBOLS
