   1              		.syntax unified
   2              		.cpu cortex-m4
   3              		.eabi_attribute 27, 3
   4              		.fpu fpv4-sp-d16
   5              		.eabi_attribute 20, 1
   6              		.eabi_attribute 21, 1
   7              		.eabi_attribute 23, 3
   8              		.eabi_attribute 24, 1
   9              		.eabi_attribute 25, 1
  10              		.eabi_attribute 26, 1
  11              		.eabi_attribute 30, 6
  12              		.eabi_attribute 34, 1
  13              		.eabi_attribute 18, 4
  14              		.thumb
  15              		.file	"I2C001_Conf.c"
  16              		.text
  17              	.Ltext0:
  18              		.cfi_sections	.debug_frame
  19              		.global	I2C001_Handle0
  20              		.section	.rodata
  21              		.align	2
  24              	I2C001_Handle0:
  25 0000 04       		.byte	4
  26 0001 000000   		.space	3
  27 0004 00400248 		.word	1208107008
  28 0008 64000000 		.word	100
  29 000c 01       		.byte	1
  30 000d 00       		.byte	0
  31 000e 02       		.byte	2
  32 000f 02       		.byte	2
  33 0010 00       		.byte	0
  34 0011 00       		.byte	0
  35 0012 00       		.byte	0
  36 0013 00       		.byte	0
  37 0014 00       		.byte	0
  38 0015 00       		.byte	0
  39 0016 00       		.byte	0
  40 0017 00       		.space	1
  41              		.global	I2C001_Handle1
  42              		.align	2
  45              	I2C001_Handle1:
  46 0018 00       		.byte	0
  47 0019 000000   		.space	3
  48 001c 00000340 		.word	1073938432
  49 0020 32000000 		.word	50
  50 0024 01       		.byte	1
  51 0025 00       		.byte	0
  52 0026 01       		.byte	1
  53 0027 04       		.byte	4
  54 0028 00       		.byte	0
  55 0029 00       		.byte	0
  56 002a 00       		.byte	0
  57 002b 00       		.byte	0
  58 002c 00       		.byte	0
  59 002d 00       		.byte	0
  60 002e 00       		.byte	0
  61 002f 00       		.space	1
  62              		.text
  63              	.Letext0:
  64              		.file 1 "c:\\dave-3.1.10\\arm-gcc\\bin\\../lib/gcc/arm-none-eabi/4.7.4/../../../../arm-none-eabi/i
  65              		.file 2 "C:\\DAVE-3.1.10\\eclipse\\/../CMSIS/Infineon/XMC4500_series/Include/XMC4500.h"
  66              		.file 3 "C:\\DAVE3_workspace\\mojWorkspace\\Bachelor_improved\\Dave\\Generated\\inc\\DAVESupport/.
  67              		.file 4 "C:\\DAVE3_workspace\\mojWorkspace\\Bachelor_improved\\Dave\\Generated\\inc\\DAVESupport/.
  68              		.file 5 "C:\\DAVE3_workspace\\mojWorkspace\\Bachelor_improved\\Dave\\Generated\\inc\\DAVESupport/.
  69              		.file 6 "C:\\DAVE-3.1.10\\eclipse\\/../CMSIS/Include/core_cm4.h"
  70              		.file 7 "../Dave/Generated/src/I2C001/I2C001_Conf.c"
DEFINED SYMBOLS
                            *ABS*:00000000 I2C001_Conf.c
C:\Users\Mateusz\AppData\Local\Temp\ccQzAyns.s:24     .rodata:00000000 I2C001_Handle0
C:\Users\Mateusz\AppData\Local\Temp\ccQzAyns.s:21     .rodata:00000000 $d
C:\Users\Mateusz\AppData\Local\Temp\ccQzAyns.s:45     .rodata:00000018 I2C001_Handle1
                           .group:00000000 wm4.1.35166846b5321d4273ad8c4248893ac3
                           .group:00000000 wm4.XMC4500.h.45.215f4b8c79f46c7645c15373868d08c0
                           .group:00000000 wm4.core_cm4.h.47.41af406cb4cda82c972f112a9cd0a024
                           .group:00000000 wm4.newlib.h.8.a9901dc52d1357e3e94003403d43f8b5
                           .group:00000000 wm4.features.h.22.b72b3baab2bb2eab3661375590100b6b
                           .group:00000000 wm4.config.h.193.5fb8ef056cdff92dec3dee9552839d8c
                           .group:00000000 wm4._ansi.h.23.7aefdac4826acebbfc9f3822a0aeb14c
                           .group:00000000 wm4.stdint.h.20.54ad762faa59e3c05491630641c8d8bf
                           .group:00000000 wm4.core_cmInstr.h.39.3d3d1b4a79aef37532666dc6ee87c6ac
                           .group:00000000 wm4.core_cm4_simd.h.43.b5d1d38735af6366227b4256d330cf13
                           .group:00000000 wm4.core_cm4.h.178.e5ef5ce66d198d7f00f9d0076e267c41
                           .group:00000000 wm4.system_XMC4500.h.29.827f68baa362c84f2abae4ab67dde7c9
                           .group:00000000 wm4.XMC4500.h.198.8e022f279ff353ed081df898dc7b9cf3
                           .group:00000000 wm4.stddef.h.40.50cf36416e06376af8a9dca28536f2e4
                           .group:00000000 wm4.types.h.60.e75c47576398c648cdcf9000ace5e3d8
                           .group:00000000 wm4.MULTIPLEXER.h.46.4a863fbae1c79f0db26da3ce2dc30d02
                           .group:00000000 wm4.CCU8PWMLIB.h.74.725ec81203769525cc7a424597055f47
                           .group:00000000 wm4.MOTORLIB.h.62.951091d95913dd2ff36d761323a1771d
                           .group:00000000 wm4.DBG001.h.116.d6d9e7459a0faa3905c97c1d2edb339d
                           .group:00000000 wm4.IO004.h.53.442ea5eb47ad9eedc675253aa35f3107
                           .group:00000000 wm4.uc_id.h.35.fa57ecd9f559d2767f56c96da2848c12
                           .group:00000000 wm4.CLK001_Const.h.50.e5e9c2ddc89f4cc9e7b93e9648fa94e4
                           .group:00000000 wm4.CLK001_Conf.h.81.82a8db895dc146da001475dd68223522
                           .group:00000000 wm4.Usic.h.54.8af9f733ba5771eeb374435d205ea54b
                           .group:00000000 wm4.UART001_Conf.h.53.ea28968cb6c53b1be9f53a4d9f42a86f
                           .group:00000000 wm4.SYSTM001.h.64.6ecb31c49bc3e7691644fdcdfc11b5cd
                           .group:00000000 wm4.I2C001.h.97.5277d52889d6c741e048ea45ee1277b5
                           .group:00000000 wm4.I2C001_Conf.h.58.e3e909c2ec9c29fee288b93938e533a2

NO UNDEFINED SYMBOLS
